mode: set
github.com/EnrikeM/kvBase/cmd/main.go:10.13,19.2 6 0
github.com/EnrikeM/kvBase/internal/compute/compute.go:12.61,17.2 1 0
github.com/EnrikeM/kvBase/internal/compute/compute.go:19.60,21.16 2 0
github.com/EnrikeM/kvBase/internal/compute/compute.go:21.16,24.3 2 0
github.com/EnrikeM/kvBase/internal/compute/compute.go:26.2,26.25 1 0
github.com/EnrikeM/kvBase/internal/compute/parser.go:28.26,30.2 1 0
github.com/EnrikeM/kvBase/internal/compute/parser.go:32.53,34.26 2 0
github.com/EnrikeM/kvBase/internal/compute/parser.go:34.26,36.3 1 0
github.com/EnrikeM/kvBase/internal/compute/parser.go:38.2,38.31 1 0
github.com/EnrikeM/kvBase/internal/compute/parser.go:39.11,40.31 1 0
github.com/EnrikeM/kvBase/internal/compute/parser.go:41.11,42.31 1 0
github.com/EnrikeM/kvBase/internal/compute/parser.go:43.11,44.31 1 0
github.com/EnrikeM/kvBase/internal/compute/parser.go:47.2,47.72 1 0
github.com/EnrikeM/kvBase/internal/compute/parser.go:49.52,50.26 1 0
github.com/EnrikeM/kvBase/internal/compute/parser.go:50.26,52.3 1 0
github.com/EnrikeM/kvBase/internal/compute/parser.go:54.2,57.8 1 0
github.com/EnrikeM/kvBase/internal/compute/parser.go:60.52,61.26 1 0
github.com/EnrikeM/kvBase/internal/compute/parser.go:61.26,63.3 1 0
github.com/EnrikeM/kvBase/internal/compute/parser.go:65.2,68.8 1 0
github.com/EnrikeM/kvBase/internal/compute/parser.go:71.52,72.26 1 0
github.com/EnrikeM/kvBase/internal/compute/parser.go:72.26,74.3 1 0
github.com/EnrikeM/kvBase/internal/compute/parser.go:76.2,79.8 1 0
github.com/EnrikeM/kvBase/mocks/mock_storage.go:26.59,30.2 3 0
github.com/EnrikeM/kvBase/mocks/mock_storage.go:33.57,35.2 1 0
github.com/EnrikeM/kvBase/mocks/mock_storage.go:38.72,44.2 5 0
github.com/EnrikeM/kvBase/mocks/mock_storage.go:47.80,50.2 2 0
github.com/EnrikeM/kvBase/internal/compute/compute.go:12.61,17.2 1 1
github.com/EnrikeM/kvBase/internal/compute/compute.go:19.60,21.16 2 0
github.com/EnrikeM/kvBase/internal/compute/compute.go:21.16,24.3 2 0
github.com/EnrikeM/kvBase/internal/compute/compute.go:26.2,26.25 1 0
github.com/EnrikeM/kvBase/internal/compute/parser.go:28.26,30.2 1 1
github.com/EnrikeM/kvBase/internal/compute/parser.go:32.53,34.26 2 0
github.com/EnrikeM/kvBase/internal/compute/parser.go:34.26,36.3 1 0
github.com/EnrikeM/kvBase/internal/compute/parser.go:38.2,38.31 1 0
github.com/EnrikeM/kvBase/internal/compute/parser.go:39.11,40.31 1 0
github.com/EnrikeM/kvBase/internal/compute/parser.go:41.11,42.31 1 0
github.com/EnrikeM/kvBase/internal/compute/parser.go:43.11,44.31 1 0
github.com/EnrikeM/kvBase/internal/compute/parser.go:47.2,47.72 1 0
github.com/EnrikeM/kvBase/internal/compute/parser.go:49.52,50.26 1 0
github.com/EnrikeM/kvBase/internal/compute/parser.go:50.26,52.3 1 0
github.com/EnrikeM/kvBase/internal/compute/parser.go:54.2,57.8 1 0
github.com/EnrikeM/kvBase/internal/compute/parser.go:60.52,61.26 1 0
github.com/EnrikeM/kvBase/internal/compute/parser.go:61.26,63.3 1 0
github.com/EnrikeM/kvBase/internal/compute/parser.go:65.2,68.8 1 0
github.com/EnrikeM/kvBase/internal/compute/parser.go:71.52,72.26 1 0
github.com/EnrikeM/kvBase/internal/compute/parser.go:72.26,74.3 1 0
github.com/EnrikeM/kvBase/internal/compute/parser.go:76.2,79.8 1 0
github.com/EnrikeM/kvBase/internal/storage/engine.go:13.34,19.2 1 1
github.com/EnrikeM/kvBase/internal/storage/engine.go:25.58,26.22 1 0
github.com/EnrikeM/kvBase/internal/storage/engine.go:27.19,28.27 1 0
github.com/EnrikeM/kvBase/internal/storage/engine.go:29.19,30.27 1 0
github.com/EnrikeM/kvBase/internal/storage/engine.go:31.19,32.27 1 0
github.com/EnrikeM/kvBase/internal/storage/engine.go:35.2,35.55 1 0
github.com/EnrikeM/kvBase/internal/storage/engine.go:38.48,41.2 2 1
github.com/EnrikeM/kvBase/internal/storage/engine.go:43.48,45.9 2 0
github.com/EnrikeM/kvBase/internal/storage/engine.go:45.9,47.3 1 0
github.com/EnrikeM/kvBase/internal/storage/engine.go:48.2,48.12 1 0
github.com/EnrikeM/kvBase/internal/storage/engine.go:51.48,53.9 2 0
github.com/EnrikeM/kvBase/internal/storage/engine.go:53.9,55.3 1 0
github.com/EnrikeM/kvBase/internal/storage/engine.go:57.2,59.43 2 0
github.com/EnrikeM/kvBase/internal/storage/storage.go:15.46,20.2 1 1
github.com/EnrikeM/kvBase/internal/storage/storage.go:33.47,35.16 2 0
github.com/EnrikeM/kvBase/internal/storage/storage.go:35.16,37.3 1 0
github.com/EnrikeM/kvBase/internal/storage/storage.go:38.2,38.26 1 0
github.com/EnrikeM/kvBase/internal/storage/storage.go:39.19,40.31 1 0
github.com/EnrikeM/kvBase/internal/storage/storage.go:41.19,42.31 1 0
github.com/EnrikeM/kvBase/internal/storage/storage.go:43.19,44.31 1 0
github.com/EnrikeM/kvBase/internal/storage/storage.go:47.2,47.11 1 0
