mode: atomic
github.com/EnrikeM/kvBase/cmd/example.go:13.13,30.2 10 0
github.com/EnrikeM/kvBase/internal/compute/compute.go:25.61,30.2 1 1
github.com/EnrikeM/kvBase/internal/compute/compute.go:32.67,34.16 2 2
github.com/EnrikeM/kvBase/internal/compute/compute.go:34.16,37.3 2 1
github.com/EnrikeM/kvBase/internal/compute/compute.go:39.2,39.25 1 1
github.com/EnrikeM/kvBase/internal/compute/parser/parser.go:19.26,21.2 1 1
github.com/EnrikeM/kvBase/internal/compute/parser/parser.go:23.60,25.26 2 7
github.com/EnrikeM/kvBase/internal/compute/parser/parser.go:25.26,27.3 1 0
github.com/EnrikeM/kvBase/internal/compute/parser/parser.go:29.2,29.38 1 7
github.com/EnrikeM/kvBase/internal/compute/parser/parser.go:30.18,31.31 1 2
github.com/EnrikeM/kvBase/internal/compute/parser/parser.go:32.18,33.31 1 2
github.com/EnrikeM/kvBase/internal/compute/parser/parser.go:34.18,35.31 1 2
github.com/EnrikeM/kvBase/internal/compute/parser/parser.go:38.2,38.64 1 1
github.com/EnrikeM/kvBase/internal/compute/parser/parser.go:40.59,41.38 1 2
github.com/EnrikeM/kvBase/internal/compute/parser/parser.go:41.38,43.3 1 1
github.com/EnrikeM/kvBase/internal/compute/parser/parser.go:45.2,48.8 1 1
github.com/EnrikeM/kvBase/internal/compute/parser/parser.go:51.59,52.38 1 2
github.com/EnrikeM/kvBase/internal/compute/parser/parser.go:52.38,54.3 1 1
github.com/EnrikeM/kvBase/internal/compute/parser/parser.go:56.2,59.8 1 1
github.com/EnrikeM/kvBase/internal/compute/parser/parser.go:62.59,63.38 1 2
github.com/EnrikeM/kvBase/internal/compute/parser/parser.go:63.38,65.3 1 1
github.com/EnrikeM/kvBase/internal/compute/parser/parser.go:67.2,70.8 1 1
github.com/EnrikeM/kvBase/internal/storage/storage.go:18.78,24.2 1 0
github.com/EnrikeM/kvBase/internal/storage/storage.go:36.56,38.16 2 0
github.com/EnrikeM/kvBase/internal/storage/storage.go:38.16,41.3 2 0
github.com/EnrikeM/kvBase/internal/storage/storage.go:42.2,42.26 1 0
github.com/EnrikeM/kvBase/internal/storage/storage.go:43.18,44.38 1 0
github.com/EnrikeM/kvBase/internal/storage/storage.go:45.18,46.38 1 0
github.com/EnrikeM/kvBase/internal/storage/storage.go:47.18,48.38 1 0
github.com/EnrikeM/kvBase/internal/storage/storage.go:51.2,52.41 2 0
github.com/EnrikeM/kvBase/internal/storage/engine/engine.go:11.26,17.2 1 1
github.com/EnrikeM/kvBase/internal/storage/engine/engine.go:23.53,26.2 2 1
github.com/EnrikeM/kvBase/internal/storage/engine/engine.go:28.53,31.2 2 1
github.com/EnrikeM/kvBase/internal/storage/engine/engine.go:33.53,36.2 2 1
